<?xml version="1.0" encoding="UTF-8"?>
<!-- Generated by org.testng.reporters.JUnitXMLReporter -->
<testsuite hostname="KATHYAYANIs-MacBook-Pro.local" ignored="0" name="Test" tests="6" failures="0" timestamp="10 Aug 2020 15:03:40 GMT" time="0.045" errors="0">
  <testcase name="testCase1" time="0.013" classname="com.testNG.ParallelExecution"/>
  <testcase name="testCase4" time="0.013" classname="com.testNG.ParallelExecution1"/>
  <testcase name="testCase5" time="0.002" classname="com.testNG.ParallelExecution1"/>
  <testcase name="testCase2" time="0.002" classname="com.testNG.ParallelExecution"/>
  <testcase name="testCase6" time="0.005" classname="com.testNG.ParallelExecution1"/>
  <testcase name="testCase3" time="0.002" classname="com.testNG.ParallelExecution"/>
</testsuite> <!-- Test -->
