<?xml version="1.0" encoding="UTF-8"?>
<testng-results skipped="0" failed="0" ignored="0" total="1" passed="1">
  <reporter-output>
  </reporter-output>
  <suite name="Default suite" duration-ms="13865" started-at="2020-08-13T14:42:10Z" finished-at="2020-08-13T14:42:23Z">
    <groups>
    </groups>
    <test name="Default test" duration-ms="13865" started-at="2020-08-13T14:42:10Z" finished-at="2020-08-13T14:42:23Z">
      <class name="SeleniumAdvanced.ExcelLogin">
        <test-method status="PASS" signature="login()[pri:0, instance:SeleniumAdvanced.ExcelLogin@f6c48ac]" name="login" duration-ms="13816" started-at="2020-08-13T07:42:10Z" finished-at="2020-08-13T07:42:23Z">
          <reporter-output>
          </reporter-output>
        </test-method> <!-- login -->
      </class> <!-- SeleniumAdvanced.ExcelLogin -->
    </test> <!-- Default test -->
  </suite> <!-- Default suite -->
</testng-results>
